<?xml version="1.0" encoding="UTF-8"?>
<testng-results skipped="0" failed="0" total="1" passed="1">
  <reporter-output>
  </reporter-output>
  <suite name="Default suite" duration-ms="4106" started-at="2020-01-16T12:19:57Z" finished-at="2020-01-16T12:20:01Z">
    <groups>
    </groups>
    <test name="Default test" duration-ms="4106" started-at="2020-01-16T12:19:57Z" finished-at="2020-01-16T12:20:01Z">
      <class name="DemoProjects.GooglePlaceAPI">
        <test-method status="PASS" signature="getData()[pri:0, instance:DemoProjects.GooglePlaceAPI@483bf400]" name="getData" is-config="true" duration-ms="9" started-at="2020-01-16T17:49:57Z" finished-at="2020-01-16T17:49:57Z">
          <reporter-output>
          </reporter-output>
        </test-method> <!-- getData -->
        <test-method status="PASS" signature="GrabAndDeleteDataTestCase()[pri:0, instance:DemoProjects.GooglePlaceAPI@483bf400]" name="GrabAndDeleteDataTestCase" duration-ms="4081" started-at="2020-01-16T17:49:57Z" finished-at="2020-01-16T17:50:01Z">
          <reporter-output>
          </reporter-output>
        </test-method> <!-- GrabAndDeleteDataTestCase -->
      </class> <!-- DemoProjects.GooglePlaceAPI -->
    </test> <!-- Default test -->
  </suite> <!-- Default suite -->
</testng-results>
